Arguments: 
  D:\install\node\node.exe D:\install\node\node_global\node_modules\yarn\bin\yarn.js add screenfull

PATH: 
  C:\Windows\system32;C:\Windows;C:\Windows\System32\Wbem;C:\Windows\System32\WindowsPowerShell\v1.0\;C:\Windows\System32\OpenSSH\;C:\Program Files (x86)\NVIDIA Corporation\PhysX\Common;C:\Program Files\NVIDIA Corporation\NVIDIA NvDLISR;D:\install\node\;D:\install\Git\cmd;D:\install\TortoiseGit\bin;C:\Users\16125\AppData\Local\Microsoft\WindowsApps;D:\install\Microsoft VS Code\bin;D:\install\node\node_global;

Yarn version: 
  1.22.10

Node version: 
  14.15.4

Platform: 
  win32 x64

Trace: 
  Error: ENOENT: no such file or directory, copyfile 'C:\Users\16125\AppData\Local\Yarn\Cache\v6\npm-ansi-regex-3.0.0-ed0317c322064f79466c02966bddb605ab37d998-integrity\node_modules\ansi-regex\package.json' -> 'D:\openCode\v3-test\node_modules\cliui\node_modules\ansi-regex\package.json'

npm manifest: 
  {
    "name": "v3-test",
    "version": "1.0.0",
    "scripts": {
      "dev": "vite",
      "build": "vite build"
    },
    "dependencies": {
      "axios": "^0.21.1",
      "echarts": "^5.0.2",
      "element-plus": "^1.0.2-beta.28",
      "js-cookie": "^2.2.1",
      "mockjs": "^1.1.0",
      "normalize-wheel": "^1.0.1",
      "resize-observer-polyfill": "^1.5.1",
      "vite": "^2.0.0-beta.60",
      "vue": "^3.0.5",
      "vue-router": "^4.0.3",
      "vue-svgicon": "^3.2.9",
      "vuex": "^4.0.0-rc.2"
    },
    "devDependencies": {
      "@vitejs/plugin-vue": "^1.1.4",
      "svg-sprite-loader": "^5.2.1",
      "sass": "^1.32.5",
      "@vue/compiler-sfc": "^3.0.5"
    }
  }

yarn manifest: 
  No manifest

Lockfile: 
  No lockfile
